<?xml version="1.0" encoding="UTF-8"?>
<!-- Generated by org.testng.reporters.JUnitReportReporter -->
<testsuite hostname="Ashishs-MacBook-Pro.local" failures="0" tests="1" name="com.TestCases.ProductNServicesPageTest" time="0.000" errors="0" timestamp="20 Mar 2019 23:23:25 GMT" skipped="1">
  <testcase classname="com.TestCases.ProductNServicesPageTest" name="CreateNewOrder" time="0.000">
    <skipped/>
  </testcase> <!-- CreateNewOrder -->
</testsuite> <!-- com.TestCases.ProductNServicesPageTest -->
