<?xml version="1.0" encoding="UTF-8"?>
<!-- Generated by org.testng.reporters.JUnitReportReporter -->
<testsuite hostname="Ashishs-MacBook-Pro.local" failures="0" tests="4" name="com.TestCases.LoginPageTest" time="20.341" errors="0" timestamp="21 Mar 2019 02:29:06 GMT" skipped="0">
  <testcase classname="com.TestCases.LoginPageTest" name="VerifyLogoofThePage" time="3.318"/>
  <testcase classname="com.TestCases.LoginPageTest" name="VerifyTitleofThePage" time="3.443"/>
  <testcase classname="com.TestCases.LoginPageTest" name="VerifyErrorMessageWithInvalidunpw" time="8.167"/>
  <testcase classname="com.TestCases.LoginPageTest" name="VerifyLoginPage" time="5.413"/>
</testsuite> <!-- com.TestCases.LoginPageTest -->
